===========================
NightBits Logger started at 14-1-2015 18:41:01 created by NightBits (Jeroen Saey)
===========================

[Info] -- 14-1-2015 18:41:09 -- Checking for new updates..
[Info] -- 14-1-2015 18:41:10 -- Update '1.0.1' is marked as skipped and therefore will be skipped
[Info] -- 14-1-2015 18:41:10 -- No updates available at this time.
[Info] -- 14-1-2015 18:41:10 -- No update available dialog shown
===========================
NightBits Logger started at 14-1-2015 18:44:46 created by NightBits (Jeroen Saey)
===========================

[Info] -- 14-1-2015 18:44:46 -- Checking for new updates..
[Info] -- 14-1-2015 18:44:47 -- Update '1.0.1' is marked as skipped and therefore will be skipped
[Info] -- 14-1-2015 18:44:47 -- No updates available at this time.
[Info] -- 14-1-2015 18:44:47 -- No update available dialog shown
===========================
NightBits Logger started at 14-1-2015 18:45:10 created by NightBits (Jeroen Saey)
===========================

[Info] -- 14-1-2015 18:45:11 -- Checking for new updates..
[Info] -- 14-1-2015 18:45:11 -- Update '1.0.1' is marked as skipped and therefore will be skipped
[Info] -- 14-1-2015 18:45:11 -- No updates available at this time.
[Info] -- 14-1-2015 18:45:11 -- No update available dialog shown
===========================
NightBits Logger started at 14-1-2015 18:45:31 created by NightBits (Jeroen Saey)
===========================

[Info] -- 14-1-2015 18:45:31 -- Checking for new updates..
[Info] -- 14-1-2015 18:45:32 -- Update '1.0.1' is marked as skipped and therefore will be skipped
[Info] -- 14-1-2015 18:45:32 -- No updates available at this time.
[Info] -- 14-1-2015 18:45:32 -- No update available dialog shown
===========================
NightBits Logger started at 14-1-2015 18:46:30 created by NightBits (Jeroen Saey)
===========================

[Info] -- 14-1-2015 18:46:31 -- Checking for new updates..
[Info] -- 14-1-2015 18:46:31 -- Update '1.0.1' is marked as skipped and therefore will be skipped
[Info] -- 14-1-2015 18:46:31 -- No updates available at this time.
[Info] -- 14-1-2015 18:46:31 -- No update available dialog shown

===========================
NightBits Logger stopped at 14-1-2015 18:46:30
===========================

===========================
NightBits Logger started at 14-1-2015 18:47:56 created by NightBits (Jeroen Saey)
===========================

[Info] -- 14-1-2015 18:47:56 -- Checking for new updates..
[Info] -- 14-1-2015 18:47:57 -- Update '1.0.1' is marked as skipped and therefore will be skipped
[Info] -- 14-1-2015 18:47:57 -- No updates available at this time.
[Info] -- 14-1-2015 18:47:57 -- No update available dialog shown

===========================
NightBits Logger stopped at 14-1-2015 18:47:56
===========================

===========================
NightBits Logger started at 14-1-2015 18:48:43 created by NightBits (Jeroen Saey)
===========================

[Info] -- 14-1-2015 18:48:43 -- Checking for new updates..
[Info] -- 14-1-2015 18:48:44 -- Update '1.0.1' is marked as skipped and therefore will be skipped
[Info] -- 14-1-2015 18:48:44 -- No updates available at this time.
[Info] -- 14-1-2015 18:48:44 -- No update available dialog shown

===========================
NightBits Logger stopped at 14-1-2015 18:48:43
===========================

===========================
NightBits Logger started at 14-1-2015 18:53:24 created by NightBits (Jeroen Saey)
===========================

[Info] -- 14-1-2015 18:53:24 -- Checking for new updates..
[Info] -- 14-1-2015 18:53:25 -- Update '1.0.1' is marked as skipped and therefore will be skipped
[Info] -- 14-1-2015 18:53:25 -- No updates available at this time.
[Info] -- 14-1-2015 18:53:25 -- No update available dialog shown

===========================
NightBits Logger stopped at 14-1-2015 18:53:24
===========================

===========================
NightBits Logger started at 17-1-2015 15:13:59 created by NightBits (Jeroen Saey)
===========================

[Info] -- 17-1-2015 15:14:00 -- Checking for new updates..
[Warning] -- 17-1-2015 15:14:00 -- Local configuration file is inaccessible or not present in the location - creating local config file
[Info] -- 17-1-2015 15:14:02 -- Update '1.0.1' is marked as skipped and therefore will be skipped
[Info] -- 17-1-2015 15:14:02 -- No updates available at this time.
[Info] -- 17-1-2015 15:14:02 -- No update available dialog shown

===========================
NightBits Logger stopped at 17-1-2015 15:13:59
===========================

===========================
NightBits Logger started at 17-1-2015 15:17:05 created by NightBits (Jeroen Saey)
===========================

[Info] -- 17-1-2015 15:17:05 -- Checking for new updates..
[Info] -- 17-1-2015 15:17:07 -- Update '1.0.1' is marked as skipped and therefore will be skipped
[Info] -- 17-1-2015 15:17:07 -- No updates available at this time.
[Info] -- 17-1-2015 15:17:07 -- No update available dialog shown

===========================
NightBits Logger stopped at 17-1-2015 15:17:05
===========================

===========================
NightBits Logger started at 17-1-2015 15:17:26 created by NightBits (Jeroen Saey)
===========================

[Info] -- 17-1-2015 15:17:36 -- Checking for new updates..
[Info] -- 17-1-2015 15:17:39 -- Update '1.0.1' is marked as skipped and therefore will be skipped
[Info] -- 17-1-2015 15:17:43 -- No updates available at this time.
[Info] -- 17-1-2015 15:17:44 -- No update available dialog shown

===========================
NightBits Logger stopped at 17-1-2015 15:17:26
===========================

===========================
NightBits Logger started at 17-1-2015 15:17:57 created by NightBits (Jeroen Saey)
===========================

[Info] -- 17-1-2015 15:17:57 -- Checking for new updates..
[Info] -- 17-1-2015 15:18:31 -- Update '1.0.1' is marked as skipped and therefore will be skipped
[Info] -- 17-1-2015 15:18:31 -- No updates available at this time.
[Info] -- 17-1-2015 15:18:32 -- No update available dialog shown

===========================
NightBits Logger stopped at 17-1-2015 15:17:57
===========================

===========================
NightBits Logger started at 17-1-2015 15:18:57 created by NightBits (Jeroen Saey)
===========================

[Info] -- 17-1-2015 15:18:57 -- Checking for new updates..
[Warning] -- 17-1-2015 15:19:01 -- Local configuration file is inaccessible or not present in the location - creating local config file
[Info] -- 17-1-2015 15:19:02 -- Update '1.0.1' is marked as skipped and therefore will be skipped
[Info] -- 17-1-2015 15:19:04 -- No updates available at this time.
[Info] -- 17-1-2015 15:19:05 -- No update available dialog shown

===========================
NightBits Logger stopped at 17-1-2015 15:18:57
===========================

===========================
NightBits Logger started at 17-1-2015 15:19:14 created by NightBits (Jeroen Saey)
===========================

[Info] -- 17-1-2015 15:19:15 -- Checking for new updates..
[Info] -- 17-1-2015 15:19:56 -- Update '1.0.1' is marked as skipped and therefore will be skipped
[Info] -- 17-1-2015 15:20:04 -- No updates available at this time.
[Info] -- 17-1-2015 15:20:04 -- No update available dialog shown

===========================
NightBits Logger stopped at 17-1-2015 15:19:14
===========================

===========================
NightBits Logger started at 2-12-2015 19:38:45 created by NightBits (Jeroen Saey)
===========================

[Info] -- 2-12-2015 19:38:46 -- Checking for new updates..
[Warning] -- 2-12-2015 19:38:48 -- RegistryKey could not be found - Update will not be skipped (it starts now) - Do you have administrator rights?
[Info] -- 2-12-2015 19:38:48 -- Retrieving update information.
[Info] -- 2-12-2015 19:38:49 -- Retrieved update information.
[Info] -- 2-12-2015 19:38:49 -- Update available dialog shown
[Warning] -- 2-12-2015 19:38:55 -- RegistryKey could not be found - Update will not be reminded at a later time (it starts now) - Do you have administrator rights?
[Info] -- 2-12-2015 19:38:55 -- Validating update files availability.
[Info] -- 2-12-2015 19:38:57 -- Please wait, Downloading updates..
[Info] -- 2-12-2015 19:38:57 -- Download of file 0 named 'NightBits%20Updater%20Manual.pdf' has started
===========================
NightBits Logger started at 2-12-2015 19:45:02 created by NightBits (Jeroen Saey)
===========================

[Info] -- 2-12-2015 19:45:02 -- Checking for new updates..
[Warning] -- 2-12-2015 19:45:03 -- RegistryKey could not be found - Update will not be skipped (it starts now) - Do you have administrator rights?
[Info] -- 2-12-2015 19:45:03 -- Retrieving update information.
[Info] -- 2-12-2015 19:45:07 -- Retrieved update information.
[Info] -- 2-12-2015 19:45:08 -- Update available dialog shown
[Warning] -- 2-12-2015 19:45:11 -- RegistryKey could not be found - Update will not be reminded at a later time (it starts now) - Do you have administrator rights?
[Info] -- 2-12-2015 19:45:11 -- Validating update files availability.
[Info] -- 2-12-2015 19:45:12 -- Please wait, Downloading updates..
[Info] -- 2-12-2015 19:45:12 -- Download of file 0 named 'NightBits%20Updater%20Manual.pdf' has started
[Info] -- 2-12-2015 19:45:12 -- Updating dialog shown
[Info] -- 2-12-2015 19:45:21 -- Detailed Update Progress shown
[Info] -- 2-12-2015 19:45:29 -- Download of file 0 named 'NightBits%20Updater%20Manual.pdf' has completed
===========================
NightBits Logger started at 2-12-2015 19:45:59 created by NightBits (Jeroen Saey)
===========================

[Info] -- 2-12-2015 19:46:00 -- Checking for new updates..
[Warning] -- 2-12-2015 19:46:01 -- RegistryKey could not be found - Update will not be skipped (it starts now) - Do you have administrator rights?
[Info] -- 2-12-2015 19:46:01 -- Retrieving update information.
[Info] -- 2-12-2015 19:46:02 -- Retrieved update information.
[Info] -- 2-12-2015 19:46:02 -- Update available dialog shown
[Warning] -- 2-12-2015 19:46:04 -- RegistryKey could not be found - Update will not be reminded at a later time (it starts now) - Do you have administrator rights?
[Info] -- 2-12-2015 19:46:04 -- Validating update files availability.
[Info] -- 2-12-2015 19:46:05 -- Please wait, Downloading updates..
[Info] -- 2-12-2015 19:46:05 -- Download of file 0 named 'NightBits%20Updater%20Manual.pdf' has started
[Info] -- 2-12-2015 19:46:06 -- Updating dialog shown
[Info] -- 2-12-2015 19:46:08 -- Detailed Update Progress shown
[Info] -- 2-12-2015 19:46:15 -- Download of file 0 named 'NightBits%20Updater%20Manual.pdf' has completed
